2022/06/18 16:37:23 main.go:15: test
2022/06/18 16:37:47 main.go:15: test
2022/06/18 18:13:40 todos.go:23: near "value": syntax error
2022/06/18 18:14:41 todos.go:23: near "value": syntax error
2022/06/22 21:21:37 server.go:3197: http: panic serving [::1]:50950: open /app/template/view/layout.html: no such file or directory
goroutine 5 [running]:
net/http.(*conn).serve.func1()
	/usr/local/go/src/net/http/server.go:1825 +0xb0
panic({0x102ff7720, 0x1400010d770})
	/usr/local/go/src/runtime/panic.go:844 +0x258
html/template.Must(...)
	/usr/local/go/src/html/template/template.go:374
todoapp/app/controllers.GenerateHTML({0x103042cc0?, 0x140001660e0}, {0x102fd5780, 0x1030403f0}, {0x140001259d8?, 0x2, 0x800?})
	/Users/yudaikawano/go/src/todoapp/app/controllers/server.go:15 +0xd0
todoapp/app/controllers.top({0x103042cc0?, 0x140001660e0?}, 0x14000125a3b?)
	/Users/yudaikawano/go/src/todoapp/app/controllers/route_main.go:9 +0x74
net/http.HandlerFunc.ServeHTTP(0x72?, {0x103042cc0?, 0x140001660e0?}, 0x102b09b90?)
	/usr/local/go/src/net/http/server.go:2084 +0x3c
net/http.(*ServeMux).ServeHTTP(0x0?, {0x103042cc0, 0x140001660e0}, 0x14000160100)
	/usr/local/go/src/net/http/server.go:2462 +0x144
net/http.serverHandler.ServeHTTP({0x1400010d650?}, {0x103042cc0, 0x140001660e0}, 0x14000160100)
	/usr/local/go/src/net/http/server.go:2916 +0x3fc
net/http.(*conn).serve(0x1400011d360, {0x103042f78, 0x1400010d560})
	/usr/local/go/src/net/http/server.go:1966 +0x56c
created by net/http.(*Server).Serve
	/usr/local/go/src/net/http/server.go:3071 +0x450
2022/06/22 21:21:38 server.go:3197: http: panic serving [::1]:50951: open /app/template/view/layout.html: no such file or directory
goroutine 7 [running]:
net/http.(*conn).serve.func1()
	/usr/local/go/src/net/http/server.go:1825 +0xb0
panic({0x102ff7720, 0x1400009c090})
	/usr/local/go/src/runtime/panic.go:844 +0x258
html/template.Must(...)
	/usr/local/go/src/html/template/template.go:374
todoapp/app/controllers.GenerateHTML({0x103042cc0?, 0x140000ae000}, {0x102fd5780, 0x1030403f0}, {0x1400011f9d8?, 0x2, 0x800?})
	/Users/yudaikawano/go/src/todoapp/app/controllers/server.go:15 +0xd0
todoapp/app/controllers.top({0x103042cc0?, 0x140000ae000?}, 0x1400005ea3b?)
	/Users/yudaikawano/go/src/todoapp/app/controllers/route_main.go:9 +0x74
net/http.HandlerFunc.ServeHTTP(0x72?, {0x103042cc0?, 0x140000ae000?}, 0x102b09b90?)
	/usr/local/go/src/net/http/server.go:2084 +0x3c
net/http.(*ServeMux).ServeHTTP(0x0?, {0x103042cc0, 0x140000ae000}, 0x14000160200)
	/usr/local/go/src/net/http/server.go:2462 +0x144
net/http.serverHandler.ServeHTTP({0x1400010d830?}, {0x103042cc0, 0x140000ae000}, 0x14000160200)
	/usr/local/go/src/net/http/server.go:2916 +0x3fc
net/http.(*conn).serve(0x1400011d400, {0x103042f78, 0x1400010d560})
	/usr/local/go/src/net/http/server.go:1966 +0x56c
created by net/http.(*Server).Serve
	/usr/local/go/src/net/http/server.go:3071 +0x450
2022/06/22 21:21:44 server.go:3197: http: panic serving [::1]:50953: open /app/template/view/layout.html: no such file or directory
goroutine 21 [running]:
net/http.(*conn).serve.func1()
	/usr/local/go/src/net/http/server.go:1825 +0xb0
panic({0x102ff7720, 0x1400009c210})
	/usr/local/go/src/runtime/panic.go:844 +0x258
html/template.Must(...)
	/usr/local/go/src/html/template/template.go:374
todoapp/app/controllers.GenerateHTML({0x103042cc0?, 0x140000ae0e0}, {0x102fd5780, 0x1030403f0}, {0x1400005e9d8?, 0x2, 0x800?})
	/Users/yudaikawano/go/src/todoapp/app/controllers/server.go:15 +0xd0
todoapp/app/controllers.top({0x103042cc0?, 0x140000ae0e0?}, 0x1400005ea3b?)
	/Users/yudaikawano/go/src/todoapp/app/controllers/route_main.go:9 +0x74
net/http.HandlerFunc.ServeHTTP(0x72?, {0x103042cc0?, 0x140000ae0e0?}, 0x102b09b90?)
	/usr/local/go/src/net/http/server.go:2084 +0x3c
net/http.(*ServeMux).ServeHTTP(0x0?, {0x103042cc0, 0x140000ae0e0}, 0x1400009a100)
	/usr/local/go/src/net/http/server.go:2462 +0x144
net/http.serverHandler.ServeHTTP({0x1400009c150?}, {0x103042cc0, 0x140000ae0e0}, 0x1400009a100)
	/usr/local/go/src/net/http/server.go:2916 +0x3fc
net/http.(*conn).serve(0x140000d6000, {0x103042f78, 0x1400010d560})
	/usr/local/go/src/net/http/server.go:1966 +0x56c
created by net/http.(*Server).Serve
	/usr/local/go/src/net/http/server.go:3071 +0x450
2022/06/22 21:24:22 server.go:3197: http: panic serving [::1]:50966: open /app/template/view/layout.html: no such file or directory
goroutine 5 [running]:
net/http.(*conn).serve.func1()
	/usr/local/go/src/net/http/server.go:1825 +0xb0
panic({0x1010fb720, 0x1400010d770})
	/usr/local/go/src/runtime/panic.go:844 +0x258
html/template.Must(...)
	/usr/local/go/src/html/template/template.go:374
todoapp/app/controllers.GenerateHTML({0x101146cc0?, 0x140001660e0}, {0x1010d9780, 0x1011443f0}, {0x140001259d8?, 0x2, 0x800?})
	/Users/yudaikawano/go/src/todoapp/app/controllers/server.go:15 +0xd0
todoapp/app/controllers.top({0x101146cc0?, 0x140001660e0?}, 0x14000125a3b?)
	/Users/yudaikawano/go/src/todoapp/app/controllers/route_main.go:9 +0x74
net/http.HandlerFunc.ServeHTTP(0x72?, {0x101146cc0?, 0x140001660e0?}, 0x100c0db90?)
	/usr/local/go/src/net/http/server.go:2084 +0x3c
net/http.(*ServeMux).ServeHTTP(0x0?, {0x101146cc0, 0x140001660e0}, 0x14000160100)
	/usr/local/go/src/net/http/server.go:2462 +0x144
net/http.serverHandler.ServeHTTP({0x1400010d650?}, {0x101146cc0, 0x140001660e0}, 0x14000160100)
	/usr/local/go/src/net/http/server.go:2916 +0x3fc
net/http.(*conn).serve(0x1400011d360, {0x101146f78, 0x1400010d560})
	/usr/local/go/src/net/http/server.go:1966 +0x56c
created by net/http.(*Server).Serve
	/usr/local/go/src/net/http/server.go:3071 +0x450
2022/06/22 21:24:23 server.go:3197: http: panic serving [::1]:50967: open /app/template/view/layout.html: no such file or directory
goroutine 7 [running]:
net/http.(*conn).serve.func1()
	/usr/local/go/src/net/http/server.go:1825 +0xb0
panic({0x1010fb720, 0x1400010d8f0})
	/usr/local/go/src/runtime/panic.go:844 +0x258
html/template.Must(...)
	/usr/local/go/src/html/template/template.go:374
todoapp/app/controllers.GenerateHTML({0x101146cc0?, 0x140001661c0}, {0x1010d9780, 0x1011443f0}, {0x1400005e9d8?, 0x2, 0x800?})
	/Users/yudaikawano/go/src/todoapp/app/controllers/server.go:15 +0xd0
todoapp/app/controllers.top({0x101146cc0?, 0x140001661c0?}, 0x1400005ea3b?)
	/Users/yudaikawano/go/src/todoapp/app/controllers/route_main.go:9 +0x74
net/http.HandlerFunc.ServeHTTP(0x72?, {0x101146cc0?, 0x140001661c0?}, 0x100c0db90?)
	/usr/local/go/src/net/http/server.go:2084 +0x3c
net/http.(*ServeMux).ServeHTTP(0x0?, {0x101146cc0, 0x140001661c0}, 0x14000160200)
	/usr/local/go/src/net/http/server.go:2462 +0x144
net/http.serverHandler.ServeHTTP({0x1400010d830?}, {0x101146cc0, 0x140001661c0}, 0x14000160200)
	/usr/local/go/src/net/http/server.go:2916 +0x3fc
net/http.(*conn).serve(0x1400011d400, {0x101146f78, 0x1400010d560})
	/usr/local/go/src/net/http/server.go:1966 +0x56c
created by net/http.(*Server).Serve
	/usr/local/go/src/net/http/server.go:3071 +0x450
2022/06/22 21:24:25 server.go:3197: http: panic serving [::1]:50969: open /app/template/view/layout.html: no such file or directory
goroutine 9 [running]:
net/http.(*conn).serve.func1()
	/usr/local/go/src/net/http/server.go:1825 +0xb0
panic({0x1010fb720, 0x1400010da70})
	/usr/local/go/src/runtime/panic.go:844 +0x258
html/template.Must(...)
	/usr/local/go/src/html/template/template.go:374
todoapp/app/controllers.GenerateHTML({0x101146cc0?, 0x140001662a0}, {0x1010d9780, 0x1011443f0}, {0x1400005e9d8?, 0x2, 0x800?})
	/Users/yudaikawano/go/src/todoapp/app/controllers/server.go:15 +0xd0
todoapp/app/controllers.top({0x101146cc0?, 0x140001662a0?}, 0x1400005ea3b?)
	/Users/yudaikawano/go/src/todoapp/app/controllers/route_main.go:9 +0x74
net/http.HandlerFunc.ServeHTTP(0x72?, {0x101146cc0?, 0x140001662a0?}, 0x100c0db90?)
	/usr/local/go/src/net/http/server.go:2084 +0x3c
net/http.(*ServeMux).ServeHTTP(0x0?, {0x101146cc0, 0x140001662a0}, 0x14000160400)
	/usr/local/go/src/net/http/server.go:2462 +0x144
net/http.serverHandler.ServeHTTP({0x1400010d9b0?}, {0x101146cc0, 0x140001662a0}, 0x14000160400)
	/usr/local/go/src/net/http/server.go:2916 +0x3fc
net/http.(*conn).serve(0x1400011d4a0, {0x101146f78, 0x1400010d560})
	/usr/local/go/src/net/http/server.go:1966 +0x56c
created by net/http.(*Server).Serve
	/usr/local/go/src/net/http/server.go:3071 +0x450
2022/06/22 21:25:44 server.go:3197: http: panic serving [::1]:50976: open /app/template/views/layout.html: no such file or directory
goroutine 5 [running]:
net/http.(*conn).serve.func1()
	/usr/local/go/src/net/http/server.go:1825 +0xb0
panic({0x1009d7720, 0x1400010d770})
	/usr/local/go/src/runtime/panic.go:844 +0x258
html/template.Must(...)
	/usr/local/go/src/html/template/template.go:374
todoapp/app/controllers.GenerateHTML({0x100a22cc0?, 0x140001660e0}, {0x1009b5780, 0x100a203f0}, {0x140001259d8?, 0x2, 0x800?})
	/Users/yudaikawano/go/src/todoapp/app/controllers/server.go:15 +0xd0
todoapp/app/controllers.top({0x100a22cc0?, 0x140001660e0?}, 0x14000125a3b?)
	/Users/yudaikawano/go/src/todoapp/app/controllers/route_main.go:9 +0x74
net/http.HandlerFunc.ServeHTTP(0x72?, {0x100a22cc0?, 0x140001660e0?}, 0x1004e9b90?)
	/usr/local/go/src/net/http/server.go:2084 +0x3c
net/http.(*ServeMux).ServeHTTP(0x0?, {0x100a22cc0, 0x140001660e0}, 0x14000160100)
	/usr/local/go/src/net/http/server.go:2462 +0x144
net/http.serverHandler.ServeHTTP({0x1400010d650?}, {0x100a22cc0, 0x140001660e0}, 0x14000160100)
	/usr/local/go/src/net/http/server.go:2916 +0x3fc
net/http.(*conn).serve(0x1400011d360, {0x100a22f78, 0x1400010d560})
	/usr/local/go/src/net/http/server.go:1966 +0x56c
created by net/http.(*Server).Serve
	/usr/local/go/src/net/http/server.go:3071 +0x450
2022/06/22 21:25:45 server.go:3197: http: panic serving [::1]:50977: open /app/template/views/layout.html: no such file or directory
goroutine 7 [running]:
net/http.(*conn).serve.func1()
	/usr/local/go/src/net/http/server.go:1825 +0xb0
panic({0x1009d7720, 0x1400010d8f0})
	/usr/local/go/src/runtime/panic.go:844 +0x258
html/template.Must(...)
	/usr/local/go/src/html/template/template.go:374
todoapp/app/controllers.GenerateHTML({0x100a22cc0?, 0x140001661c0}, {0x1009b5780, 0x100a203f0}, {0x1400005e9d8?, 0x2, 0x800?})
	/Users/yudaikawano/go/src/todoapp/app/controllers/server.go:15 +0xd0
todoapp/app/controllers.top({0x100a22cc0?, 0x140001661c0?}, 0x1400005ea3b?)
	/Users/yudaikawano/go/src/todoapp/app/controllers/route_main.go:9 +0x74
net/http.HandlerFunc.ServeHTTP(0x72?, {0x100a22cc0?, 0x140001661c0?}, 0x1004e9b90?)
	/usr/local/go/src/net/http/server.go:2084 +0x3c
net/http.(*ServeMux).ServeHTTP(0x0?, {0x100a22cc0, 0x140001661c0}, 0x14000160200)
	/usr/local/go/src/net/http/server.go:2462 +0x144
net/http.serverHandler.ServeHTTP({0x1400010d830?}, {0x100a22cc0, 0x140001661c0}, 0x14000160200)
	/usr/local/go/src/net/http/server.go:2916 +0x3fc
net/http.(*conn).serve(0x1400011d400, {0x100a22f78, 0x1400010d560})
	/usr/local/go/src/net/http/server.go:1966 +0x56c
created by net/http.(*Server).Serve
	/usr/local/go/src/net/http/server.go:3071 +0x450
2022/06/22 21:29:23 server.go:3197: http: panic serving [::1]:50999: open /app/views/templates/layout.html: no such file or directory
goroutine 5 [running]:
net/http.(*conn).serve.func1()
	/usr/local/go/src/net/http/server.go:1825 +0xb0
panic({0x102593720, 0x1400010d770})
	/usr/local/go/src/runtime/panic.go:844 +0x258
html/template.Must(...)
	/usr/local/go/src/html/template/template.go:374
todoapp/app/controllers.GenerateHTML({0x1025decc0?, 0x140001660e0}, {0x102571780, 0x1025dc3f0}, {0x140001259d8?, 0x2, 0x800?})
	/Users/yudaikawano/go/src/todoapp/app/controllers/server.go:15 +0xd0
todoapp/app/controllers.top({0x1025decc0?, 0x140001660e0?}, 0x14000125a3b?)
	/Users/yudaikawano/go/src/todoapp/app/controllers/route_main.go:9 +0x74
net/http.HandlerFunc.ServeHTTP(0x72?, {0x1025decc0?, 0x140001660e0?}, 0x1020a5b90?)
	/usr/local/go/src/net/http/server.go:2084 +0x3c
net/http.(*ServeMux).ServeHTTP(0x0?, {0x1025decc0, 0x140001660e0}, 0x14000160100)
	/usr/local/go/src/net/http/server.go:2462 +0x144
net/http.serverHandler.ServeHTTP({0x1400010d650?}, {0x1025decc0, 0x140001660e0}, 0x14000160100)
	/usr/local/go/src/net/http/server.go:2916 +0x3fc
net/http.(*conn).serve(0x1400011d360, {0x1025def78, 0x1400010d560})
	/usr/local/go/src/net/http/server.go:1966 +0x56c
created by net/http.(*Server).Serve
	/usr/local/go/src/net/http/server.go:3071 +0x450
2022/06/22 21:29:24 server.go:3197: http: panic serving [::1]:51000: open /app/views/templates/layout.html: no such file or directory
goroutine 7 [running]:
net/http.(*conn).serve.func1()
	/usr/local/go/src/net/http/server.go:1825 +0xb0
panic({0x102593720, 0x1400010d8f0})
	/usr/local/go/src/runtime/panic.go:844 +0x258
html/template.Must(...)
	/usr/local/go/src/html/template/template.go:374
todoapp/app/controllers.GenerateHTML({0x1025decc0?, 0x140001661c0}, {0x102571780, 0x1025dc3f0}, {0x1400005e9d8?, 0x2, 0x800?})
	/Users/yudaikawano/go/src/todoapp/app/controllers/server.go:15 +0xd0
todoapp/app/controllers.top({0x1025decc0?, 0x140001661c0?}, 0x1400005ea3b?)
	/Users/yudaikawano/go/src/todoapp/app/controllers/route_main.go:9 +0x74
net/http.HandlerFunc.ServeHTTP(0x72?, {0x1025decc0?, 0x140001661c0?}, 0x1020a5b90?)
	/usr/local/go/src/net/http/server.go:2084 +0x3c
net/http.(*ServeMux).ServeHTTP(0x0?, {0x1025decc0, 0x140001661c0}, 0x14000160200)
	/usr/local/go/src/net/http/server.go:2462 +0x144
net/http.serverHandler.ServeHTTP({0x1400010d830?}, {0x1025decc0, 0x140001661c0}, 0x14000160200)
	/usr/local/go/src/net/http/server.go:2916 +0x3fc
net/http.(*conn).serve(0x1400011d400, {0x1025def78, 0x1400010d560})
	/usr/local/go/src/net/http/server.go:1966 +0x56c
created by net/http.(*Server).Serve
	/usr/local/go/src/net/http/server.go:3071 +0x450
2022/06/22 21:45:27 server.go:3197: http: panic serving [::1]:51075: open app/views/templates/puclic_navber.html: no such file or directory
goroutine 20 [running]:
net/http.(*conn).serve.func1()
	/usr/local/go/src/net/http/server.go:1825 +0xb0
panic({0x100d47720, 0x1400009a0c0})
	/usr/local/go/src/runtime/panic.go:844 +0x258
html/template.Must(...)
	/usr/local/go/src/html/template/template.go:374
todoapp/app/controllers.GenerateHTML({0x100d92cd0?, 0x140001920e0}, {0x100d25780, 0x100d903f8}, {0x1400013f9c8?, 0x3, 0x0?})
	/Users/yudaikawano/go/src/todoapp/app/controllers/server.go:15 +0xd0
todoapp/app/controllers.top({0x100d92cd0?, 0x140001920e0?}, 0x1400013fa3b?)
	/Users/yudaikawano/go/src/todoapp/app/controllers/route_main.go:9 +0x88
net/http.HandlerFunc.ServeHTTP(0x72?, {0x100d92cd0?, 0x140001920e0?}, 0x100859a40?)
	/usr/local/go/src/net/http/server.go:2084 +0x3c
net/http.(*ServeMux).ServeHTTP(0x0?, {0x100d92cd0, 0x140001920e0}, 0x14000188100)
	/usr/local/go/src/net/http/server.go:2462 +0x144
net/http.serverHandler.ServeHTTP({0x1400011d650?}, {0x100d92cd0, 0x140001920e0}, 0x14000188100)
	/usr/local/go/src/net/http/server.go:2916 +0x3fc
net/http.(*conn).serve(0x14000137360, {0x100d92f88, 0x1400011d560})
	/usr/local/go/src/net/http/server.go:1966 +0x56c
created by net/http.(*Server).Serve
	/usr/local/go/src/net/http/server.go:3071 +0x450
2022/06/22 21:45:28 server.go:3197: http: panic serving [::1]:51076: open app/views/templates/puclic_navber.html: no such file or directory
goroutine 34 [running]:
net/http.(*conn).serve.func1()
	/usr/local/go/src/net/http/server.go:1825 +0xb0
panic({0x100d47720, 0x1400009a660})
	/usr/local/go/src/runtime/panic.go:844 +0x258
html/template.Must(...)
	/usr/local/go/src/html/template/template.go:374
todoapp/app/controllers.GenerateHTML({0x100d92cd0?, 0x140000e0000}, {0x100d25780, 0x100d903f8}, {0x1400005f9c8?, 0x3, 0x0?})
	/Users/yudaikawano/go/src/todoapp/app/controllers/server.go:15 +0xd0
todoapp/app/controllers.top({0x100d92cd0?, 0x140000e0000?}, 0x1400005fa3b?)
	/Users/yudaikawano/go/src/todoapp/app/controllers/route_main.go:9 +0x88
net/http.HandlerFunc.ServeHTTP(0x72?, {0x100d92cd0?, 0x140000e0000?}, 0x100859a40?)
	/usr/local/go/src/net/http/server.go:2084 +0x3c
net/http.(*ServeMux).ServeHTTP(0x0?, {0x100d92cd0, 0x140000e0000}, 0x140000d6000)
	/usr/local/go/src/net/http/server.go:2462 +0x144
net/http.serverHandler.ServeHTTP({0x1400009a180?}, {0x100d92cd0, 0x140000e0000}, 0x140000d6000)
	/usr/local/go/src/net/http/server.go:2916 +0x3fc
net/http.(*conn).serve(0x140000d2000, {0x100d92f88, 0x1400011d560})
	/usr/local/go/src/net/http/server.go:1966 +0x56c
created by net/http.(*Server).Serve
	/usr/local/go/src/net/http/server.go:3071 +0x450
2022/06/22 21:45:29 server.go:3197: http: panic serving [::1]:51077: open app/views/templates/puclic_navber.html: no such file or directory
goroutine 37 [running]:
net/http.(*conn).serve.func1()
	/usr/local/go/src/net/http/server.go:1825 +0xb0
panic({0x100d47720, 0x1400009abd0})
	/usr/local/go/src/runtime/panic.go:844 +0x258
html/template.Must(...)
	/usr/local/go/src/html/template/template.go:374
todoapp/app/controllers.GenerateHTML({0x100d92cd0?, 0x140000e00e0}, {0x100d25780, 0x100d903f8}, {0x1400005f9c8?, 0x3, 0x0?})
	/Users/yudaikawano/go/src/todoapp/app/controllers/server.go:15 +0xd0
todoapp/app/controllers.top({0x100d92cd0?, 0x140000e00e0?}, 0x1400005fa3b?)
	/Users/yudaikawano/go/src/todoapp/app/controllers/route_main.go:9 +0x88
net/http.HandlerFunc.ServeHTTP(0x72?, {0x100d92cd0?, 0x140000e00e0?}, 0x100859a40?)
	/usr/local/go/src/net/http/server.go:2084 +0x3c
net/http.(*ServeMux).ServeHTTP(0x0?, {0x100d92cd0, 0x140000e00e0}, 0x140000d6200)
	/usr/local/go/src/net/http/server.go:2462 +0x144
net/http.serverHandler.ServeHTTP({0x1400009a720?}, {0x100d92cd0, 0x140000e00e0}, 0x140000d6200)
	/usr/local/go/src/net/http/server.go:2916 +0x3fc
net/http.(*conn).serve(0x140000d20a0, {0x100d92f88, 0x1400011d560})
	/usr/local/go/src/net/http/server.go:1966 +0x56c
created by net/http.(*Server).Serve
	/usr/local/go/src/net/http/server.go:3071 +0x450
2022/06/22 21:45:34 server.go:3197: http: panic serving [::1]:51078: open app/views/templates/puclic_navber.html: no such file or directory
goroutine 40 [running]:
net/http.(*conn).serve.func1()
	/usr/local/go/src/net/http/server.go:1825 +0xb0
panic({0x100d47720, 0x1400011db60})
	/usr/local/go/src/runtime/panic.go:844 +0x258
html/template.Must(...)
	/usr/local/go/src/html/template/template.go:374
todoapp/app/controllers.GenerateHTML({0x100d92cd0?, 0x140000e01c0}, {0x100d25780, 0x100d903f8}, {0x1400005f9c8?, 0x3, 0x0?})
	/Users/yudaikawano/go/src/todoapp/app/controllers/server.go:15 +0xd0
todoapp/app/controllers.top({0x100d92cd0?, 0x140000e01c0?}, 0x1400005fa3b?)
	/Users/yudaikawano/go/src/todoapp/app/controllers/route_main.go:9 +0x88
net/http.HandlerFunc.ServeHTTP(0x72?, {0x100d92cd0?, 0x140000e01c0?}, 0x100859a40?)
	/usr/local/go/src/net/http/server.go:2084 +0x3c
net/http.(*ServeMux).ServeHTTP(0x0?, {0x100d92cd0, 0x140000e01c0}, 0x140000d6400)
	/usr/local/go/src/net/http/server.go:2462 +0x144
net/http.serverHandler.ServeHTTP({0x1400009ac90?}, {0x100d92cd0, 0x140000e01c0}, 0x140000d6400)
	/usr/local/go/src/net/http/server.go:2916 +0x3fc
net/http.(*conn).serve(0x140000d2140, {0x100d92f88, 0x1400011d560})
	/usr/local/go/src/net/http/server.go:1966 +0x56c
created by net/http.(*Server).Serve
	/usr/local/go/src/net/http/server.go:3071 +0x450
2022/06/25 13:48:33 route_auth.go:37: sql: no rows in result set
2022/06/25 13:48:33 server.go:3197: http: superfluous response.WriteHeader call from todoapp/app/controllers.authenticate (route_auth.go:55)
2022/06/25 14:22:50 users.go:137: no such table: session
2022/06/25 14:46:23 users.go:154: sql: no rows in result set
2022/06/25 14:47:30 route_main.go:25: sql: no rows in result set
2022/06/25 14:47:30 route_main.go:25: sql: no rows in result set
2022/06/25 14:47:42 route_main.go:25: sql: no rows in result set
2022/06/25 14:47:42 route_main.go:25: sql: no rows in result set
2022/06/25 14:48:10 route_auth.go:47: sql: no rows in result set
2022/06/25 14:48:10 server.go:3197: http: superfluous response.WriteHeader call from todoapp/app/controllers.authenticate (route_auth.go:65)
2022/06/25 14:48:18 route_main.go:25: sql: no rows in result set
2022/06/25 14:48:18 route_main.go:25: sql: no rows in result set
2022/06/25 14:49:53 route_main.go:25: sql: no rows in result set
2022/06/25 14:49:53 route_main.go:25: sql: no rows in result set
2022/06/25 14:56:00 route_main.go:25: sql: no rows in result set
2022/06/25 14:56:00 route_main.go:25: sql: no rows in result set
2022/06/25 14:56:15 route_main.go:25: sql: no rows in result set
2022/06/25 14:56:15 route_main.go:25: sql: no rows in result set
2022/06/25 15:01:46 route_main.go:25: sql: no rows in result set
2022/06/25 15:01:46 route_main.go:25: sql: no rows in result set
2022/06/25 15:02:45 route_main.go:25: sql: no rows in result set
2022/06/25 15:02:46 route_main.go:25: sql: no rows in result set
2022/06/25 15:03:14 route_main.go:27: sql: no rows in result set
2022/06/25 15:03:14 route_main.go:27: sql: no rows in result set
2022/06/25 15:08:07 route_main.go:27: sql: no rows in result set
2022/06/25 15:08:07 route_main.go:27: sql: no rows in result set
2022/06/25 15:08:22 route_main.go:27: sql: no rows in result set
2022/06/25 15:08:22 route_main.go:27: sql: no rows in result set
2022/06/25 15:09:20 route_main.go:27: sql: no rows in result set
2022/06/25 15:09:21 route_main.go:27: sql: no rows in result set
2022/06/25 15:09:43 route_main.go:27: sql: no rows in result set
2022/06/25 15:09:43 route_main.go:27: sql: no rows in result set
2022/06/25 15:13:56 server.go:3197: http: panic serving 192.168.100.111:61303: runtime error: invalid memory address or nil pointer dereference
goroutine 69 [running]:
net/http.(*conn).serve.func1()
	/usr/local/go/src/net/http/server.go:1825 +0xb0
panic({0x102dae8c0, 0x103007fe0})
	/usr/local/go/src/runtime/panic.go:844 +0x258
todoapp/app/controllers.session({0x1400005aa48?, 0x10301bc40?}, 0x14000164660?)
	/Users/yudaikawano/go/src/todoapp/app/controllers/server.go:23 +0x7c
todoapp/app/controllers.top({0x102e03d00, 0x14000164620}, 0x1400005aa3b?)
	/Users/yudaikawano/go/src/todoapp/app/controllers/route_main.go:11 +0x2c
net/http.HandlerFunc.ServeHTTP(0x72?, {0x102e03d00?, 0x14000164620?}, 0x1028c3d50?)
	/usr/local/go/src/net/http/server.go:2084 +0x3c
net/http.(*ServeMux).ServeHTTP(0x0?, {0x102e03d00, 0x14000164620}, 0x14000156900)
	/usr/local/go/src/net/http/server.go:2462 +0x144
net/http.serverHandler.ServeHTTP({0x14000212810?}, {0x102e03d00, 0x14000164620}, 0x14000156900)
	/usr/local/go/src/net/http/server.go:2916 +0x3fc
net/http.(*conn).serve(0x14000117860, {0x102e03fb8, 0x1400007f590})
	/usr/local/go/src/net/http/server.go:1966 +0x56c
created by net/http.(*Server).Serve
	/usr/local/go/src/net/http/server.go:3071 +0x450
2022/06/25 15:13:57 server.go:3197: http: panic serving 192.168.100.111:61304: runtime error: invalid memory address or nil pointer dereference
goroutine 71 [running]:
net/http.(*conn).serve.func1()
	/usr/local/go/src/net/http/server.go:1825 +0xb0
panic({0x102dae8c0, 0x103007fe0})
	/usr/local/go/src/runtime/panic.go:844 +0x258
todoapp/app/controllers.session({0x1400005aa48?, 0x10301bc40?}, 0x14000164740?)
	/Users/yudaikawano/go/src/todoapp/app/controllers/server.go:23 +0x7c
todoapp/app/controllers.top({0x102e03d00, 0x14000164700}, 0x1400005aa3b?)
	/Users/yudaikawano/go/src/todoapp/app/controllers/route_main.go:11 +0x2c
net/http.HandlerFunc.ServeHTTP(0x72?, {0x102e03d00?, 0x14000164700?}, 0x1028c3d50?)
	/usr/local/go/src/net/http/server.go:2084 +0x3c
net/http.(*ServeMux).ServeHTTP(0x0?, {0x102e03d00, 0x14000164700}, 0x14000156a00)
	/usr/local/go/src/net/http/server.go:2462 +0x144
net/http.serverHandler.ServeHTTP({0x14000212960?}, {0x102e03d00, 0x14000164700}, 0x14000156a00)
	/usr/local/go/src/net/http/server.go:2916 +0x3fc
net/http.(*conn).serve(0x14000117900, {0x102e03fb8, 0x1400007f590})
	/usr/local/go/src/net/http/server.go:1966 +0x56c
created by net/http.(*Server).Serve
	/usr/local/go/src/net/http/server.go:3071 +0x450
2022/06/25 15:13:57 server.go:3197: http: panic serving 192.168.100.111:61305: runtime error: invalid memory address or nil pointer dereference
goroutine 73 [running]:
net/http.(*conn).serve.func1()
	/usr/local/go/src/net/http/server.go:1825 +0xb0
panic({0x102dae8c0, 0x103007fe0})
	/usr/local/go/src/runtime/panic.go:844 +0x258
todoapp/app/controllers.session({0x1400005aa48?, 0x10301bc40?}, 0x14000164820?)
	/Users/yudaikawano/go/src/todoapp/app/controllers/server.go:23 +0x7c
todoapp/app/controllers.top({0x102e03d00, 0x140001647e0}, 0x1400005aa3b?)
	/Users/yudaikawano/go/src/todoapp/app/controllers/route_main.go:11 +0x2c
net/http.HandlerFunc.ServeHTTP(0x72?, {0x102e03d00?, 0x140001647e0?}, 0x1028c3d50?)
	/usr/local/go/src/net/http/server.go:2084 +0x3c
net/http.(*ServeMux).ServeHTTP(0x0?, {0x102e03d00, 0x140001647e0}, 0x14000156b00)
	/usr/local/go/src/net/http/server.go:2462 +0x144
net/http.serverHandler.ServeHTTP({0x14000212ab0?}, {0x102e03d00, 0x140001647e0}, 0x14000156b00)
	/usr/local/go/src/net/http/server.go:2916 +0x3fc
net/http.(*conn).serve(0x140001179a0, {0x102e03fb8, 0x1400007f590})
	/usr/local/go/src/net/http/server.go:1966 +0x56c
created by net/http.(*Server).Serve
	/usr/local/go/src/net/http/server.go:3071 +0x450
2022/06/25 15:14:02 server.go:3197: http: panic serving 192.168.100.111:61307: runtime error: invalid memory address or nil pointer dereference
goroutine 75 [running]:
net/http.(*conn).serve.func1()
	/usr/local/go/src/net/http/server.go:1825 +0xb0
panic({0x102dae8c0, 0x103007fe0})
	/usr/local/go/src/runtime/panic.go:844 +0x258
todoapp/app/controllers.session({0x1400005aa48?, 0x10301bc40?}, 0x14000164900?)
	/Users/yudaikawano/go/src/todoapp/app/controllers/server.go:23 +0x7c
todoapp/app/controllers.top({0x102e03d00, 0x140001648c0}, 0x1400005aa3b?)
	/Users/yudaikawano/go/src/todoapp/app/controllers/route_main.go:11 +0x2c
net/http.HandlerFunc.ServeHTTP(0x72?, {0x102e03d00?, 0x140001648c0?}, 0x1028c3d50?)
	/usr/local/go/src/net/http/server.go:2084 +0x3c
net/http.(*ServeMux).ServeHTTP(0x0?, {0x102e03d00, 0x140001648c0}, 0x14000156c00)
	/usr/local/go/src/net/http/server.go:2462 +0x144
net/http.serverHandler.ServeHTTP({0x14000212c00?}, {0x102e03d00, 0x140001648c0}, 0x14000156c00)
	/usr/local/go/src/net/http/server.go:2916 +0x3fc
net/http.(*conn).serve(0x14000117a40, {0x102e03fb8, 0x1400007f590})
	/usr/local/go/src/net/http/server.go:1966 +0x56c
created by net/http.(*Server).Serve
	/usr/local/go/src/net/http/server.go:3071 +0x450
2022/06/25 15:14:32 server.go:3197: http: panic serving 192.168.100.111:61309: runtime error: invalid memory address or nil pointer dereference
goroutine 77 [running]:
net/http.(*conn).serve.func1()
	/usr/local/go/src/net/http/server.go:1825 +0xb0
panic({0x102dae8c0, 0x103007fe0})
	/usr/local/go/src/runtime/panic.go:844 +0x258
todoapp/app/controllers.session({0x1400005aa48?, 0x10301bc40?}, 0x140001649e0?)
	/Users/yudaikawano/go/src/todoapp/app/controllers/server.go:23 +0x7c
todoapp/app/controllers.top({0x102e03d00, 0x140001649a0}, 0x1400005aa3b?)
	/Users/yudaikawano/go/src/todoapp/app/controllers/route_main.go:11 +0x2c
net/http.HandlerFunc.ServeHTTP(0x72?, {0x102e03d00?, 0x140001649a0?}, 0x1028c3d50?)
	/usr/local/go/src/net/http/server.go:2084 +0x3c
net/http.(*ServeMux).ServeHTTP(0x0?, {0x102e03d00, 0x140001649a0}, 0x14000156d00)
	/usr/local/go/src/net/http/server.go:2462 +0x144
net/http.serverHandler.ServeHTTP({0x14000212d50?}, {0x102e03d00, 0x140001649a0}, 0x14000156d00)
	/usr/local/go/src/net/http/server.go:2916 +0x3fc
net/http.(*conn).serve(0x14000117ae0, {0x102e03fb8, 0x1400007f590})
	/usr/local/go/src/net/http/server.go:1966 +0x56c
created by net/http.(*Server).Serve
	/usr/local/go/src/net/http/server.go:3071 +0x450
2022/06/25 15:14:54 server.go:3197: http: panic serving 192.168.100.111:61312: runtime error: invalid memory address or nil pointer dereference
goroutine 5 [running]:
net/http.(*conn).serve.func1()
	/usr/local/go/src/net/http/server.go:1825 +0xb0
panic({0x1052068c0, 0x10545ffe0})
	/usr/local/go/src/runtime/panic.go:844 +0x258
todoapp/app/controllers.session({0x14000119a48?, 0x105473c40?}, 0x140001b4040?)
	/Users/yudaikawano/go/src/todoapp/app/controllers/server.go:23 +0x7c
todoapp/app/controllers.top({0x10525bd00, 0x140001b4000}, 0x14000119a3b?)
	/Users/yudaikawano/go/src/todoapp/app/controllers/route_main.go:11 +0x2c
net/http.HandlerFunc.ServeHTTP(0x72?, {0x10525bd00?, 0x140001b4000?}, 0x104d1bd50?)
	/usr/local/go/src/net/http/server.go:2084 +0x3c
net/http.(*ServeMux).ServeHTTP(0x0?, {0x10525bd00, 0x140001b4000}, 0x140001a6000)
	/usr/local/go/src/net/http/server.go:2462 +0x144
net/http.serverHandler.ServeHTTP({0x14000190030?}, {0x10525bd00, 0x140001b4000}, 0x140001a6000)
	/usr/local/go/src/net/http/server.go:2916 +0x3fc
net/http.(*conn).serve(0x14000117360, {0x10525bfb8, 0x1400007f590})
	/usr/local/go/src/net/http/server.go:1966 +0x56c
created by net/http.(*Server).Serve
	/usr/local/go/src/net/http/server.go:3071 +0x450
2022/06/25 15:15:54 server.go:3197: http: panic serving 192.168.100.111:61326: runtime error: invalid memory address or nil pointer dereference
goroutine 35 [running]:
net/http.(*conn).serve.func1()
	/usr/local/go/src/net/http/server.go:1825 +0xb0
panic({0x1052068c0, 0x10545ffe0})
	/usr/local/go/src/runtime/panic.go:844 +0x258
todoapp/app/controllers.session({0x14000187a48?, 0x105473c40?}, 0x140001b4120?)
	/Users/yudaikawano/go/src/todoapp/app/controllers/server.go:23 +0x7c
todoapp/app/controllers.top({0x10525bd00, 0x140001b40e0}, 0x14000187a3b?)
	/Users/yudaikawano/go/src/todoapp/app/controllers/route_main.go:11 +0x2c
net/http.HandlerFunc.ServeHTTP(0x72?, {0x10525bd00?, 0x140001b40e0?}, 0x104d1bd50?)
	/usr/local/go/src/net/http/server.go:2084 +0x3c
net/http.(*ServeMux).ServeHTTP(0x0?, {0x10525bd00, 0x140001b40e0}, 0x140001a6100)
	/usr/local/go/src/net/http/server.go:2462 +0x144
net/http.serverHandler.ServeHTTP({0x140001901e0?}, {0x10525bd00, 0x140001b40e0}, 0x140001a6100)
	/usr/local/go/src/net/http/server.go:2916 +0x3fc
net/http.(*conn).serve(0x140001e6000, {0x10525bfb8, 0x1400007f590})
	/usr/local/go/src/net/http/server.go:1966 +0x56c
created by net/http.(*Server).Serve
	/usr/local/go/src/net/http/server.go:3071 +0x450
2022/06/25 15:18:08 route_main.go:27: sql: no rows in result set
2022/06/25 15:18:08 route_main.go:27: sql: no rows in result set
2022/06/25 15:20:28 route_main.go:27: sql: no rows in result set
2022/06/25 15:20:28 route_main.go:27: sql: no rows in result set
2022/06/25 15:25:56 route_main.go:27: sql: no rows in result set
2022/06/25 15:25:56 route_main.go:27: sql: no rows in result set
2022/06/25 15:29:26 route_main.go:27: sql: no rows in result set
2022/06/25 15:29:26 route_main.go:27: sql: no rows in result set
2022/06/25 15:30:06 route_main.go:27: sql: no rows in result set
2022/06/25 15:30:06 route_main.go:27: sql: no rows in result set
2022/06/25 19:51:06 route_main.go:27: sql: no rows in result set
2022/06/25 19:57:57 route_main.go:28: sql: no rows in result set
